<?xml version="1.0" encoding="UTF-8"?>
<testsuite name="com.test.greenline.suite.GreenLineTests" time="0.034" tests="7" errors="2" skipped="5" failures="0">
  <properties>
[...]
</properties>
  <testcase name="Given I want to navigate to GFR UI" classname="Scenario: ECA REST order shows up in the  orders grid" time="0.01">
    <error type="java.lang.NullPointerException:">java.lang.NullPointerException: null
	at com.test.greenline.stepdefinitions.GreenLineNavigateStepDefinitions.i_want_to_navigate_to_GFR_UI(GreenLineNavigateStepDefinitions.java:18)
	at ✽.Given I want to navigate to GFR UI(greenLine.feature:7)
</error>
    <system-err><![CDATA[SLF4J: Failed to load class "org.slf4j.impl.StaticLoggerBinder".
SLF4J: Defaulting to no-operation (NOP) logger implementation
SLF4J: See http://www.slf4j.org/codes.html#StaticLoggerBinder for further details.
]]></system-err>
  </testcase>
  <testcase name="Scenario: ECA REST order shows up in the  orders grid" classname="Scenario: ECA REST order shows up in the  orders grid" time="0.024">
    <error type="java.lang.NullPointerException:">java.lang.NullPointerException: null
	at com.test.greenline.stepdefinitions.GreenLineNavigateStepDefinitions.i_want_to_navigate_to_GFR_UI(GreenLineNavigateStepDefinitions.java:18)
	at ✽.Given I want to navigate to GFR UI(greenLine.feature:7)
</error>
  </testcase>
  <testcase name="When I click on FBCP Application cluster" classname="Scenario: ECA REST order shows up in the  orders grid" time="0">
    <skipped/>
  </testcase>
  <testcase name="Then I click on DashBoard" classname="Scenario: ECA REST order shows up in the  orders grid" time="0">
    <skipped/>
  </testcase>
  <testcase name="Then I mouse over on FixMessage" classname="Scenario: ECA REST order shows up in the  orders grid" time="0">
    <skipped/>
  </testcase>
  <testcase name="Then I click on Orders&amp;Execution" classname="Scenario: ECA REST order shows up in the  orders grid" time="0">
    <skipped/>
  </testcase>
  <testcase name="Then I search for ClOrdID" classname="Scenario: ECA REST order shows up in the  orders grid" time="0">
    <skipped/>
  </testcase>
</testsuite>